-------------------------------------------------------------------------------
Test set: com.example.Authentication.AuthenticationApplicationTests
-------------------------------------------------------------------------------
Tests run: 4, Failures: 1, Errors: 0, Skipped: 0, Time elapsed: 5.474 s <<< FAILURE! - in com.example.Authentication.AuthenticationApplicationTests
countUsers  Time elapsed: 0.46 s  <<< FAILURE!
org.opentest4j.AssertionFailedError: expected: <3> but was: <4>
	at com.example.Authentication.AuthenticationApplicationTests.countUsers(AuthenticationApplicationTests.java:44)

