<?xml version="1.0" encoding="UTF-8"?>
<testng-results skipped="0" failed="0" ignored="0" total="1" passed="1">
  <reporter-output>
  </reporter-output>
  <suite name="Default suite" duration-ms="13959" started-at="2022-10-08T07:00:09Z" finished-at="2022-10-08T07:00:23Z">
    <groups>
    </groups>
    <test name="Default test" duration-ms="13959" started-at="2022-10-08T07:00:09Z" finished-at="2022-10-08T07:00:23Z">
      <class name="com.theinternet.SearchBar">
        <test-method status="PASS" signature="registrationTest()[pri:0, instance:com.theinternet.SearchBar@418e7838]" name="registrationTest" duration-ms="13940" started-at="2022-10-08T07:00:09Z" finished-at="2022-10-08T07:00:23Z">
          <reporter-output>
          </reporter-output>
        </test-method> <!-- registrationTest -->
      </class> <!-- com.theinternet.SearchBar -->
    </test> <!-- Default test -->
  </suite> <!-- Default suite -->
</testng-results>
